<?xml version="1.0" encoding="UTF-8"?>
<!-- Generated by org.testng.reporters.JUnitXMLReporter -->
<testsuite hostname="DESKTOP-DKS51S2" ignored="0" name="TestCasesCertification" tests="4" failures="0" timestamp="01 may 2019 22:50:42 GMT" time="14.4" errors="0">
  <testcase name="@BeforeTest OpenPage" time="6.072" classname="TestCases.dataProfile">
    <failure type="org.openqa.selenium.WebDriverException" message="chrome not reachable
  (Session info: chrome=74.0.3729.131)
  (Driver info: chromedriver=74.0.3729.6 (255758eccf3d244491b8a1317aa76e1ce10d57e9-refs/branch-heads/3729@{#29}),platform=Windows NT 10.0.17763 x86_64) (WARNING: The server did not provide any stacktrace information)
Command duration or timeout: 6.04 seconds
Build info: version: &amp;apos;unknown&amp;apos;, revision: &amp;apos;unknown&amp;apos;, time: &amp;apos;unknown&amp;apos;
System info: host: &amp;apos;DESKTOP-DKS51S2&amp;apos;, ip: &amp;apos;192.168.0.14&amp;apos;, os.name: &amp;apos;Windows 10&amp;apos;, os.arch: &amp;apos;amd64&amp;apos;, os.version: &amp;apos;10.0&amp;apos;, java.version: &amp;apos;1.8.0_201&amp;apos;
Driver info: org.openqa.selenium.chrome.ChromeDriver
Capabilities [{mobileEmulationEnabled=false, timeouts={implicit=0.0, pageLoad=300000.0, script=30000.0}, hasTouchScreen=false, platform=XP, acceptSslCerts=false, goog:chromeOptions={debuggerAddress=localhost:63139}, acceptInsecureCerts=false, webStorageEnabled=true, browserName=chrome, takesScreenshot=true, javascriptEnabled=true, setWindowRect=true, unexpectedAlertBehaviour=ignore, applicationCacheEnabled=false, rotatable=false, networkConnectionEnabled=false, chrome={chromedriverVersion=74.0.3729.6 (255758eccf3d244491b8a1317aa76e1ce10d57e9-refs/branch-heads/3729@{#29}), userDataDir=C:\Users\gornelex\AppData\Local\Temp\scoped_dir784_23496}, takesHeapSnapshot=true, pageLoadStrategy=normal, strictFileInteractability=false, databaseEnabled=false, handlesAlerts=true, version=74.0.3729.131, browserConnectionEnabled=false, proxy=Proxy(), nativeEvents=true, locationContextEnabled=true, cssSelectorsEnabled=true}]
Session ID: b0fe761b11bbd60460134cd75c94d0c8">
      <![CDATA[org.openqa.selenium.WebDriverException: chrome not reachable
  (Session info: chrome=74.0.3729.131)
  (Driver info: chromedriver=74.0.3729.6 (255758eccf3d244491b8a1317aa76e1ce10d57e9-refs/branch-heads/3729@{#29}),platform=Windows NT 10.0.17763 x86_64) (WARNING: The server did not provide any stacktrace information)
Command duration or timeout: 6.04 seconds
Build info: version: 'unknown', revision: 'unknown', time: 'unknown'
System info: host: 'DESKTOP-DKS51S2', ip: '192.168.0.14', os.name: 'Windows 10', os.arch: 'amd64', os.version: '10.0', java.version: '1.8.0_201'
Driver info: org.openqa.selenium.chrome.ChromeDriver
Capabilities [{mobileEmulationEnabled=false, timeouts={implicit=0.0, pageLoad=300000.0, script=30000.0}, hasTouchScreen=false, platform=XP, acceptSslCerts=false, goog:chromeOptions={debuggerAddress=localhost:63139}, acceptInsecureCerts=false, webStorageEnabled=true, browserName=chrome, takesScreenshot=true, javascriptEnabled=true, setWindowRect=true, unexpectedAlertBehaviour=ignore, applicationCacheEnabled=false, rotatable=false, networkConnectionEnabled=false, chrome={chromedriverVersion=74.0.3729.6 (255758eccf3d244491b8a1317aa76e1ce10d57e9-refs/branch-heads/3729@{#29}), userDataDir=C:\Users\gornelex\AppData\Local\Temp\scoped_dir784_23496}, takesHeapSnapshot=true, pageLoadStrategy=normal, strictFileInteractability=false, databaseEnabled=false, handlesAlerts=true, version=74.0.3729.131, browserConnectionEnabled=false, proxy=Proxy(), nativeEvents=true, locationContextEnabled=true, cssSelectorsEnabled=true}]
Session ID: b0fe761b11bbd60460134cd75c94d0c8
at org.openqa.selenium.remote.ErrorHandler.createThrowable(ErrorHandler.java:215)
at org.openqa.selenium.remote.ErrorHandler.throwIfResponseFailed(ErrorHandler.java:167)
at org.openqa.selenium.remote.RemoteWebDriver.execute(RemoteWebDriver.java:671)
at org.openqa.selenium.remote.RemoteWebDriver.execute(RemoteWebDriver.java:694)
at org.openqa.selenium.remote.RemoteWebDriver$RemoteWebDriverOptions$RemoteWindow.maximize(RemoteWebDriver.java:925)
at TestCases.dataProfile.OpenPage(dataProfile.java:38)
... Removed 28 stack frames]]>
    </failure>
  </testcase> <!-- @BeforeTest OpenPage -->
  <testcase name="@BeforeTest OpenPage" time="0.0" classname="TestCases.seleniumBlogs">
    <skipped/>
  </testcase> <!-- @BeforeTest OpenPage -->
  <testcase name="@BeforeTest OpenPage" time="0.0" classname="TestCases.seleniumCourse">
    <skipped/>
  </testcase> <!-- @BeforeTest OpenPage -->
  <testcase name="@BeforeClass LogInPortal" time="0.0" classname="TestCases.EnrolledCourses">
    <skipped/>
  </testcase> <!-- @BeforeClass LogInPortal -->
  <testcase name="@BeforeClass LogInPortal" time="0.0" classname="TestCases.seleniumBlogs">
    <skipped/>
  </testcase> <!-- @BeforeClass LogInPortal -->
  <testcase name="@BeforeClass LogInPortal" time="0.0" classname="TestCases.seleniumCourse">
    <skipped/>
  </testcase> <!-- @BeforeClass LogInPortal -->
  <testcase name="@BeforeClass LogInPortal" time="0.0" classname="TestCases.dataProfile">
    <skipped/>
  </testcase> <!-- @BeforeClass LogInPortal -->
  <testcase name="EnrollCourseTest" time="0.0" classname="TestCases.EnrolledCourses">
    <skipped/>
  </testcase> <!-- EnrollCourseTest -->
  <testcase name="seleniumBlogsTest" time="0.0" classname="TestCases.seleniumBlogs">
    <skipped/>
  </testcase> <!-- seleniumBlogsTest -->
  <testcase name="seleniumCourseTest" time="0.0" classname="TestCases.seleniumCourse">
    <skipped/>
  </testcase> <!-- seleniumCourseTest -->
  <testcase name="dataProfileTest" time="0.0" classname="TestCases.dataProfile">
    <skipped/>
  </testcase> <!-- dataProfileTest -->
</testsuite> <!-- TestCasesCertification -->
